<?xml version="1.0" encoding="UTF-8"?>
<testng-results ignored="0" total="2" passed="1" failed="1" skipped="0">
  <reporter-output>
  </reporter-output>
  <suite started-at="2020-09-09T13:35:30 TRT" name="Default suite" finished-at="2020-09-09T13:36:32 TRT" duration-ms="61951">
    <groups>
      <group name="cucumber">
        <method signature="RunnerTest.feature(cucumber.api.testng.CucumberFeatureWrapper)[pri:0, instance:AutomationTest.BrightTalkTest.RunnerTest@4bc222e]" name="feature" class="AutomationTest.BrightTalkTest.RunnerTest"/>
      </group> <!-- cucumber -->
    </groups>
    <test started-at="2020-09-09T13:35:30 TRT" name="Default test" finished-at="2020-09-09T13:36:32 TRT" duration-ms="61951">
      <class name="AutomationTest.BrightTalkTest.RunnerTest">
        <test-method is-config="true" signature="setUpClass()[pri:0, instance:AutomationTest.BrightTalkTest.RunnerTest@4bc222e]" started-at="2020-09-09T13:35:30 TRT" name="setUpClass" finished-at="2020-09-09T13:35:31 TRT" duration-ms="455" status="PASS">
          <reporter-output>
          </reporter-output>
        </test-method> <!-- setUpClass -->
        <test-method signature="feature(cucumber.api.testng.CucumberFeatureWrapper)[pri:0, instance:AutomationTest.BrightTalkTest.RunnerTest@4bc222e]" started-at="2020-09-09T13:35:31 TRT" name="feature" description="Runs Cucumber Feature" data-provider="features" finished-at="2020-09-09T13:36:25 TRT" duration-ms="54165" status="FAIL">
          <params>
            <param index="0">
              <value>
                <![CDATA[API test]]>
              </value>
            </param>
          </params>
          <exception class="cucumber.runtime.CucumberException">
            <message>
              <![CDATA[java.lang.NullPointerException]]>
            </message>
            <full-stacktrace>
              <![CDATA[cucumber.runtime.CucumberException: java.lang.NullPointerException
at cucumber.api.testng.TestNGCucumberRunner.runCucumber(TestNGCucumberRunner.java:69)
at AutomationTest.BrightTalkTest.RunnerTest.feature(RunnerTest.java:32)
at java.base/jdk.internal.reflect.NativeMethodAccessorImpl.invoke0(Native Method)
at java.base/jdk.internal.reflect.NativeMethodAccessorImpl.invoke(NativeMethodAccessorImpl.java:62)
at java.base/jdk.internal.reflect.DelegatingMethodAccessorImpl.invoke(DelegatingMethodAccessorImpl.java:43)
at java.base/java.lang.reflect.Method.invoke(Method.java:564)
at org.testng.internal.MethodInvocationHelper.invokeMethod(MethodInvocationHelper.java:131)
at org.testng.internal.TestInvoker.invokeMethod(TestInvoker.java:570)
at org.testng.internal.TestInvoker.invokeTestMethod(TestInvoker.java:170)
at org.testng.internal.MethodRunner.runInSequence(MethodRunner.java:46)
at org.testng.internal.TestInvoker$MethodInvocationAgent.invoke(TestInvoker.java:790)
at org.testng.internal.TestInvoker.invokeTestMethods(TestInvoker.java:143)
at org.testng.internal.TestMethodWorker.invokeTestMethods(TestMethodWorker.java:146)
at org.testng.internal.TestMethodWorker.run(TestMethodWorker.java:128)
at org.testng.TestRunner.privateRun(TestRunner.java:763)
at org.testng.TestRunner.run(TestRunner.java:594)
at org.testng.SuiteRunner.runTest(SuiteRunner.java:398)
at org.testng.SuiteRunner.runSequentially(SuiteRunner.java:392)
at org.testng.SuiteRunner.privateRun(SuiteRunner.java:355)
at org.testng.SuiteRunner.run(SuiteRunner.java:304)
at org.testng.SuiteRunnerWorker.runSuite(SuiteRunnerWorker.java:53)
at org.testng.SuiteRunnerWorker.run(SuiteRunnerWorker.java:96)
at org.testng.TestNG.runSuitesSequentially(TestNG.java:1146)
at org.testng.TestNG.runSuitesLocally(TestNG.java:1067)
at org.testng.TestNG.runSuites(TestNG.java:997)
at org.testng.TestNG.run(TestNG.java:965)
at org.testng.remote.AbstractRemoteTestNG.run(AbstractRemoteTestNG.java:115)
at org.testng.remote.RemoteTestNG.initAndRun(RemoteTestNG.java:251)
at org.testng.remote.RemoteTestNG.main(RemoteTestNG.java:77)
Caused by: java.lang.NullPointerException
at AutomationTest.BrightTalkTest.StepDefinitionAPI.verifySuccessfullLoginResponse(StepDefinitionAPI.java:179)
at ✽.Then l should login successfully(src/test/java/API-Test.feature:32)
]]>
            </full-stacktrace>
          </exception> <!-- cucumber.runtime.CucumberException -->
          <reporter-output>
          </reporter-output>
        </test-method> <!-- feature -->
        <test-method signature="feature(cucumber.api.testng.CucumberFeatureWrapper)[pri:0, instance:AutomationTest.BrightTalkTest.RunnerTest@4bc222e]" started-at="2020-09-09T13:36:25 TRT" name="feature" description="Runs Cucumber Feature" data-provider="features" finished-at="2020-09-09T13:36:32 TRT" duration-ms="7066" status="PASS">
          <params>
            <param index="0">
              <value>
                <![CDATA[BrightTalk  Sample Test]]>
              </value>
            </param>
          </params>
          <reporter-output>
          </reporter-output>
        </test-method> <!-- feature -->
        <test-method is-config="true" signature="tearDownClass()[pri:0, instance:AutomationTest.BrightTalkTest.RunnerTest@4bc222e]" started-at="2020-09-09T13:36:32 TRT" name="tearDownClass" finished-at="2020-09-09T13:36:32 TRT" duration-ms="38" status="PASS">
          <reporter-output>
          </reporter-output>
        </test-method> <!-- tearDownClass -->
      </class> <!-- AutomationTest.BrightTalkTest.RunnerTest -->
    </test> <!-- Default test -->
  </suite> <!-- Default suite -->
</testng-results>
